Using pre-set license
Built from '2021.3/staging' branch; Version is '2021.3.11f1 (0a5ca18544bf) revision 679073'; Using compiler version '192829333'; Build Type 'Release'
OS: 'Windows 11  (10.0.22631) 64bit CoreSingleLanguage' Language: 'en' Physical Memory: 16236 MB
BatchMode: 1, IsHumanControllingUs: 0, StartBugReporterOnCrash: 0, Is64bit: 1, IsPro: 1

COMMAND LINE ARGUMENTS:
C:\Program Files\Unity\Hub\Editor\2021.3.11f1\Editor\Unity.exe
-adb2
-batchMode
-noUpm
-name
AssetImportWorker0
-projectPath
C:/Users/tempo/OneDrive/Desktop/Game Projects/GraduationProjectBegin
-logFile
Logs/AssetImportWorker0.log
-srvPort
62441
Successfully changed project path to: C:/Users/tempo/OneDrive/Desktop/Game Projects/GraduationProjectBegin
C:/Users/tempo/OneDrive/Desktop/Game Projects/GraduationProjectBegin
[UnityMemory] Configuration Parameters - Can be set up in boot.config
    "memorysetup-bucket-allocator-granularity=16"
    "memorysetup-bucket-allocator-bucket-count=8"
    "memorysetup-bucket-allocator-block-size=33554432"
    "memorysetup-bucket-allocator-block-count=8"
    "memorysetup-main-allocator-block-size=16777216"
    "memorysetup-thread-allocator-block-size=16777216"
    "memorysetup-gfx-main-allocator-block-size=16777216"
    "memorysetup-gfx-thread-allocator-block-size=16777216"
    "memorysetup-cache-allocator-block-size=4194304"
    "memorysetup-typetree-allocator-block-size=2097152"
    "memorysetup-profiler-bucket-allocator-granularity=16"
    "memorysetup-profiler-bucket-allocator-bucket-count=8"
    "memorysetup-profiler-bucket-allocator-block-size=33554432"
    "memorysetup-profiler-bucket-allocator-block-count=8"
    "memorysetup-profiler-allocator-block-size=16777216"
    "memorysetup-profiler-editor-allocator-block-size=1048576"
    "memorysetup-temp-allocator-size-main=16777216"
    "memorysetup-job-temp-allocator-block-size=2097152"
    "memorysetup-job-temp-allocator-block-size-background=1048576"
    "memorysetup-job-temp-allocator-reduction-small-platforms=262144"
    "memorysetup-temp-allocator-size-background-worker=32768"
    "memorysetup-temp-allocator-size-job-worker=262144"
    "memorysetup-temp-allocator-size-preload-manager=33554432"
    "memorysetup-temp-allocator-size-nav-mesh-worker=65536"
    "memorysetup-temp-allocator-size-audio-worker=65536"
    "memorysetup-temp-allocator-size-cloud-worker=32768"
    "memorysetup-temp-allocator-size-gi-baking-worker=262144"
    "memorysetup-temp-allocator-size-gfx=262144"
Refreshing native plugins compatible for Editor in 182.47 ms, found 3 plugins.
Preloading 0 native plugins for Editor in 0.00 ms.
Initialize engine version: 2021.3.11f1 (0a5ca18544bf)
[Subsystems] Discovering subsystems at path C:/Program Files/Unity/Hub/Editor/2021.3.11f1/Editor/Data/Resources/UnitySubsystems
[Subsystems] Discovering subsystems at path C:/Users/tempo/OneDrive/Desktop/Game Projects/GraduationProjectBegin/Assets
GfxDevice: creating device client; threaded=0; jobified=0
Direct3D:
    Version:  Direct3D 11.0 [level 11.1]
    Renderer: NVIDIA GeForce RTX 3060 Laptop GPU (ID=0x2560)
    Vendor:   NVIDIA
    VRAM:     6009 MB
    Driver:   31.0.15.3734
Initialize mono
Mono path[0] = 'C:/Program Files/Unity/Hub/Editor/2021.3.11f1/Editor/Data/Managed'
Mono path[1] = 'C:/Program Files/Unity/Hub/Editor/2021.3.11f1/Editor/Data/MonoBleedingEdge/lib/mono/unityjit-win32'
Mono config path = 'C:/Program Files/Unity/Hub/Editor/2021.3.11f1/Editor/Data/MonoBleedingEdge/etc'
Using monoOptions --debugger-agent=transport=dt_socket,embedding=1,server=y,suspend=n,address=127.0.0.1:56628
Begin MonoManager ReloadAssembly
Registering precompiled unity dll's ...
Register platform support module: C:/Program Files/Unity/Hub/Editor/2021.3.11f1/Editor/Data/PlaybackEngines/WebGLSupport/UnityEditor.WebGL.Extensions.dll
Register platform support module: C:/Program Files/Unity/Hub/Editor/2021.3.11f1/Editor/Data/PlaybackEngines/WindowsStandaloneSupport/UnityEditor.WindowsStandalone.Extensions.dll
Registered in 0.007325 seconds.
Native extension for WindowsStandalone target not found
Native extension for WebGL target not found
Refreshing native plugins compatible for Editor in 172.85 ms, found 3 plugins.
Preloading 0 native plugins for Editor in 0.00 ms.
Mono: successfully reloaded assembly
- Completed reload, in  0.632 seconds
Domain Reload Profiling:
	ReloadAssembly (632ms)
		BeginReloadAssembly (68ms)
			ExecutionOrderSort (0ms)
			DisableScriptedObjects (0ms)
			BackupInstance (0ms)
			ReleaseScriptingObjects (0ms)
			CreateAndSetChildDomain (1ms)
		EndReloadAssembly (473ms)
			LoadAssemblies (65ms)
			RebuildTransferFunctionScriptingTraits (0ms)
			SetupTypeCache (80ms)
			ReleaseScriptCaches (0ms)
			RebuildScriptCaches (22ms)
			SetupLoadedEditorAssemblies (327ms)
				LogAssemblyErrors (0ms)
				InitializePlatformSupportModulesInManaged (8ms)
				SetLoadedEditorAssemblies (0ms)
				RefreshPlugins (173ms)
				BeforeProcessingInitializeOnLoad (1ms)
				ProcessInitializeOnLoadAttributes (107ms)
				ProcessInitializeOnLoadMethodAttributes (37ms)
				AfterProcessingInitializeOnLoad (0ms)
				EditorAssembliesLoaded (0ms)
			ExecutionOrderSort2 (0ms)
			AwakeInstancesAfterBackupRestoration (0ms)
Platform modules already initialized, skipping
Registering precompiled user dll's ...
Registered in 0.008142 seconds.
Begin MonoManager ReloadAssembly
Symbol file LoadedFromMemory doesn't match image C:\Users\tempo\OneDrive\Desktop\Game Projects\GraduationProjectBegin\Library\PackageCache\com.unity.visualscripting@1.8.0\Editor\VisualScripting.Core\Dependencies\YamlDotNet\Unity.VisualScripting.YamlDotNet.dll
Symbol file LoadedFromMemory doesn't match image C:\Users\tempo\OneDrive\Desktop\Game Projects\GraduationProjectBegin\Library\PackageCache\com.unity.visualscripting@1.8.0\Editor\VisualScripting.Core\Dependencies\DotNetZip\Unity.VisualScripting.IonicZip.dll
Native extension for WindowsStandalone target not found
Native extension for WebGL target not found
Refreshing native plugins compatible for Editor in 170.58 ms, found 3 plugins.
Preloading 0 native plugins for Editor in 0.00 ms.
Mono: successfully reloaded assembly
- Completed reload, in  1.445 seconds
Domain Reload Profiling:
	ReloadAssembly (1446ms)
		BeginReloadAssembly (111ms)
			ExecutionOrderSort (0ms)
			DisableScriptedObjects (5ms)
			BackupInstance (0ms)
			ReleaseScriptingObjects (0ms)
			CreateAndSetChildDomain (20ms)
		EndReloadAssembly (1235ms)
			LoadAssemblies (100ms)
			RebuildTransferFunctionScriptingTraits (0ms)
			SetupTypeCache (216ms)
			ReleaseScriptCaches (1ms)
			RebuildScriptCaches (63ms)
			SetupLoadedEditorAssemblies (823ms)
				LogAssemblyErrors (0ms)
				InitializePlatformSupportModulesInManaged (7ms)
				SetLoadedEditorAssemblies (0ms)
				RefreshPlugins (171ms)
				BeforeProcessingInitializeOnLoad (108ms)
				ProcessInitializeOnLoadAttributes (463ms)
				ProcessInitializeOnLoadMethodAttributes (64ms)
				AfterProcessingInitializeOnLoad (9ms)
				EditorAssembliesLoaded (0ms)
			ExecutionOrderSort2 (0ms)
			AwakeInstancesAfterBackupRestoration (6ms)
Platform modules already initialized, skipping
========================================================================
Worker process is ready to serve import requests
Launched and connected shader compiler UnityShaderCompiler.exe after 0.04 seconds
Refreshing native plugins compatible for Editor in 2.50 ms, found 3 plugins.
Preloading 0 native plugins for Editor in 0.00 ms.
Unloading 5670 Unused Serialized files (Serialized files now loaded: 0)
Unloading 66 unused Assets / (1.7 MB). Loaded Objects now: 6121.
Memory consumption went from 242.3 MB to 240.6 MB.
Total: 4.826800 ms (FindLiveObjects: 0.453100 ms CreateObjectMapping: 0.463400 ms MarkObjects: 3.492000 ms  DeleteObjects: 0.417300 ms)

AssetImportParameters requested are different than current active one (requested -> active):
  custom:video-decoder-ogg-theora: a1e56fd34408186e4bbccfd4996cb3dc -> 
  custom:container-muxer-webm: aa71ff27fc2769a1b78a27578f13a17b -> 
  custom:container-demuxer-webm: 4f35f7cbe854078d1ac9338744f61a02 -> 
  custom:video-encoder-webm-vp8: eb34c28f22e8b96e1ab97ce403110664 -> 
  custom:audio-encoder-webm-vorbis: bf7c407c2cedff20999df2af8eb42d56 -> 
  custom:framework-win-MediaFoundation: 216162199b28c13a410421893ffa2e32 -> 
  custom:container-demuxer-ogg: 62fdf1f143b41e24485cea50d1cbac27 -> 
  custom:video-decoder-webm-vp8: 9c59270c3fd7afecdb556c50c9e8de78 -> 
  custom:audio-decoder-ogg-vorbis: bf7c407c2cedff20999df2af8eb42d56 -> 
========================================================================
Received Import Request.
  Time since last request: 310568.927629 seconds.
  path: Assets/IMPORTANT-ASSETS/Gear
  artifactKey: Guid(23a80b64c4be8e24f9859732c6a643ce) Importer(815301076,1909f56bfc062723c751e8b465ee728b)
Start importing Assets/IMPORTANT-ASSETS/Gear using Guid(23a80b64c4be8e24f9859732c6a643ce) Importer(815301076,1909f56bfc062723c751e8b465ee728b)  -> (artifact id: 'f94528e15242a961db68d3979eec1afc') in 0.017311 seconds 
========================================================================
Received Import Request.
  Time since last request: 19.532665 seconds.
  path: Assets/IMPORTANT-ASSETS/New Folder
  artifactKey: Guid(791ea49002824494a9d3c0244f1b849c) Importer(815301076,1909f56bfc062723c751e8b465ee728b)
Start importing Assets/IMPORTANT-ASSETS/New Folder using Guid(791ea49002824494a9d3c0244f1b849c) Importer(815301076,1909f56bfc062723c751e8b465ee728b)  -> (artifact id: '40bc6331b9f5a30f57507223518eb13d') in 0.007753 seconds 
========================================================================
Received Import Request.
  Time since last request: 1.869582 seconds.
  path: Assets/IMPORTANT-ASSETS/Areas
  artifactKey: Guid(791ea49002824494a9d3c0244f1b849c) Importer(815301076,1909f56bfc062723c751e8b465ee728b)
Start importing Assets/IMPORTANT-ASSETS/Areas using Guid(791ea49002824494a9d3c0244f1b849c) Importer(815301076,1909f56bfc062723c751e8b465ee728b)  -> (artifact id: '4ae6f553b8cfb89db84c01ff525ffbf0') in 0.007817 seconds 
========================================================================
Received Import Request.
  Time since last request: 54.562490 seconds.
  path: Assets/IMPORTANT-ASSETS/craftpix-net-128598-free-magic-potions-pixel-art-icons
  artifactKey: Guid(34985a33d44942f4cad7cbe1120015c4) Importer(815301076,1909f56bfc062723c751e8b465ee728b)
Start importing Assets/IMPORTANT-ASSETS/craftpix-net-128598-free-magic-potions-pixel-art-icons using Guid(34985a33d44942f4cad7cbe1120015c4) Importer(815301076,1909f56bfc062723c751e8b465ee728b)  -> (artifact id: 'a1858aadc9d74d00cc69c745989e95ef') in 0.007755 seconds 
========================================================================
Received Import Request.
  Time since last request: 3.773626 seconds.
  path: Assets/IMPORTANT-ASSETS/Potions
  artifactKey: Guid(34985a33d44942f4cad7cbe1120015c4) Importer(815301076,1909f56bfc062723c751e8b465ee728b)
Start importing Assets/IMPORTANT-ASSETS/Potions using Guid(34985a33d44942f4cad7cbe1120015c4) Importer(815301076,1909f56bfc062723c751e8b465ee728b)  -> (artifact id: '3e5be7871dfbf2c30d3db55183fa4115') in 0.007708 seconds 
========================================================================
Received Import Request.
  Time since last request: 1.312530 seconds.
  path: Assets/IMPORTANT-ASSETS/craftpix-net-688754-free-minerals-pixel-art-icons
  artifactKey: Guid(1ffd19fe0b17d4146b31a175a02145c5) Importer(815301076,1909f56bfc062723c751e8b465ee728b)
Start importing Assets/IMPORTANT-ASSETS/craftpix-net-688754-free-minerals-pixel-art-icons using Guid(1ffd19fe0b17d4146b31a175a02145c5) Importer(815301076,1909f56bfc062723c751e8b465ee728b)  -> (artifact id: 'ebd580bb8ba26a153bfe072f41de2cb9') in 0.008049 seconds 
========================================================================
Received Import Request.
  Time since last request: 4.570077 seconds.
  path: Assets/IMPORTANT-ASSETS/Stones
  artifactKey: Guid(1ffd19fe0b17d4146b31a175a02145c5) Importer(815301076,1909f56bfc062723c751e8b465ee728b)
Start importing Assets/IMPORTANT-ASSETS/Stones using Guid(1ffd19fe0b17d4146b31a175a02145c5) Importer(815301076,1909f56bfc062723c751e8b465ee728b)  -> (artifact id: '97257e0a378591c688af8344f5a1b58f') in 0.009699 seconds 
========================================================================
Received Import Request.
  Time since last request: 1.135336 seconds.
  path: Assets/IMPORTANT-ASSETS/craftpix-net-679249-archer-skills-pixel-art-icons
  artifactKey: Guid(30051c2abf56d854e976ad1aefb3c812) Importer(815301076,1909f56bfc062723c751e8b465ee728b)
Start importing Assets/IMPORTANT-ASSETS/craftpix-net-679249-archer-skills-pixel-art-icons using Guid(30051c2abf56d854e976ad1aefb3c812) Importer(815301076,1909f56bfc062723c751e8b465ee728b)  -> (artifact id: 'b2cf2e9e82d43c607c9e3e8a97d0c9c8') in 0.007894 seconds 
========================================================================
Received Import Request.
  Time since last request: 8.037368 seconds.
  path: Assets/IMPORTANT-ASSETS/SkillIcons
  artifactKey: Guid(30051c2abf56d854e976ad1aefb3c812) Importer(815301076,1909f56bfc062723c751e8b465ee728b)
Start importing Assets/IMPORTANT-ASSETS/SkillIcons using Guid(30051c2abf56d854e976ad1aefb3c812) Importer(815301076,1909f56bfc062723c751e8b465ee728b)  -> (artifact id: '3a42d61e6276b0fee6a24b982b1ee412') in 0.007995 seconds 
========================================================================
Received Import Request.
  Time since last request: 3.166793 seconds.
  path: Assets/IMPORTANT-ASSETS/PotionsIcons
  artifactKey: Guid(34985a33d44942f4cad7cbe1120015c4) Importer(815301076,1909f56bfc062723c751e8b465ee728b)
Start importing Assets/IMPORTANT-ASSETS/PotionsIcons using Guid(34985a33d44942f4cad7cbe1120015c4) Importer(815301076,1909f56bfc062723c751e8b465ee728b)  -> (artifact id: 'a3bf4053ffaf14d21607c9bf275dc98d') in 0.007654 seconds 
========================================================================
Received Import Request.
  Time since last request: 2.588907 seconds.
  path: Assets/IMPORTANT-ASSETS/StonesIcons
  artifactKey: Guid(1ffd19fe0b17d4146b31a175a02145c5) Importer(815301076,1909f56bfc062723c751e8b465ee728b)
Start importing Assets/IMPORTANT-ASSETS/StonesIcons using Guid(1ffd19fe0b17d4146b31a175a02145c5) Importer(815301076,1909f56bfc062723c751e8b465ee728b)  -> (artifact id: '6507bfcc79484a2b4f0a6b5267d48f83') in 0.007875 seconds 
========================================================================
Received Import Request.
  Time since last request: 2.487950 seconds.
  path: Assets/IMPORTANT-ASSETS/craftpix-net-572657-magic-artifacts-pixel-art-icons
  artifactKey: Guid(217eecab60f0ffe4da42f790f447e304) Importer(815301076,1909f56bfc062723c751e8b465ee728b)
Start importing Assets/IMPORTANT-ASSETS/craftpix-net-572657-magic-artifacts-pixel-art-icons using Guid(217eecab60f0ffe4da42f790f447e304) Importer(815301076,1909f56bfc062723c751e8b465ee728b)  -> (artifact id: 'd647c01a26e004d38301557c35606bea') in 0.007544 seconds 
========================================================================
Received Import Request.
  Time since last request: 4.280732 seconds.
  path: Assets/IMPORTANT-ASSETS/RelicIcons
  artifactKey: Guid(217eecab60f0ffe4da42f790f447e304) Importer(815301076,1909f56bfc062723c751e8b465ee728b)
Start importing Assets/IMPORTANT-ASSETS/RelicIcons using Guid(217eecab60f0ffe4da42f790f447e304) Importer(815301076,1909f56bfc062723c751e8b465ee728b)  -> (artifact id: 'f321f049f27bc98b1a78d31b16988b12') in 0.007648 seconds 
========================================================================
Received Import Request.
  Time since last request: 0.562414 seconds.
  path: Assets/IMPORTANT-ASSETS/craftpix-net-421986-magic-runes-pixel-art-icon-pack
  artifactKey: Guid(8c561c86690273144a103f0e97c2b2f0) Importer(815301076,1909f56bfc062723c751e8b465ee728b)
Start importing Assets/IMPORTANT-ASSETS/craftpix-net-421986-magic-runes-pixel-art-icon-pack using Guid(8c561c86690273144a103f0e97c2b2f0) Importer(815301076,1909f56bfc062723c751e8b465ee728b)  -> (artifact id: '463a1e8d246b1d104f6e12b2d3b32046') in 0.007815 seconds 
========================================================================
Received Import Request.
  Time since last request: 2.690793 seconds.
  path: Assets/IMPORTANT-ASSETS/RuneIcons
  artifactKey: Guid(8c561c86690273144a103f0e97c2b2f0) Importer(815301076,1909f56bfc062723c751e8b465ee728b)
Start importing Assets/IMPORTANT-ASSETS/RuneIcons using Guid(8c561c86690273144a103f0e97c2b2f0) Importer(815301076,1909f56bfc062723c751e8b465ee728b)  -> (artifact id: '747adc530b22d1c9bbd145422e198627') in 0.008553 seconds 
========================================================================
Received Import Request.
  Time since last request: 6.629809 seconds.
  path: Assets/IMPORTANT-ASSETS/SpecialItems
  artifactKey: Guid(0d1eae16b818cd44fa76f50a682aac72) Importer(815301076,1909f56bfc062723c751e8b465ee728b)
Start importing Assets/IMPORTANT-ASSETS/SpecialItems using Guid(0d1eae16b818cd44fa76f50a682aac72) Importer(815301076,1909f56bfc062723c751e8b465ee728b)  -> (artifact id: 'ecb4db94408e4af60940260a19688add') in 0.007977 seconds 
========================================================================
Received Import Request.
  Time since last request: 17.934208 seconds.
  path: Assets/IMPORTANT-ASSETS/Consumables
  artifactKey: Guid(8fced8e9b2da5b54f89e9a91b62be388) Importer(815301076,1909f56bfc062723c751e8b465ee728b)
Start importing Assets/IMPORTANT-ASSETS/Consumables using Guid(8fced8e9b2da5b54f89e9a91b62be388) Importer(815301076,1909f56bfc062723c751e8b465ee728b)  -> (artifact id: '8ba4d86722bada2e6bfe85749cc96123') in 0.007829 seconds 
========================================================================
Received Import Request.
  Time since last request: 31.318892 seconds.
  path: Assets/IMPORTANT-ASSETS/SkillIcons/Archer.psd
  artifactKey: Guid(556154027d1a20d4083f6a4d31360820) Importer(815301076,1909f56bfc062723c751e8b465ee728b)
Start importing Assets/IMPORTANT-ASSETS/SkillIcons/Archer.psd using Guid(556154027d1a20d4083f6a4d31360820) Importer(815301076,1909f56bfc062723c751e8b465ee728b)  -> (artifact id: 'ebb07c7a90061090deb65865f2ba3c8a') in 0.103275 seconds 
========================================================================
Received Import Request.
  Time since last request: 1.520199 seconds.
  path: Assets/IMPORTANT-ASSETS/SkillIcons/PNG
  artifactKey: Guid(3a9f4b356435073409c693fc654bb2d9) Importer(815301076,1909f56bfc062723c751e8b465ee728b)
Start importing Assets/IMPORTANT-ASSETS/SkillIcons/PNG using Guid(3a9f4b356435073409c693fc654bb2d9) Importer(815301076,1909f56bfc062723c751e8b465ee728b)  -> (artifact id: 'c4e2883e02ec925d4d909a144a41db21') in 0.007485 seconds 
========================================================================
Received Import Request.
  Time since last request: 0.100404 seconds.
  path: Assets/IMPORTANT-ASSETS/SkillIcons/PNG/Icon1.png
  artifactKey: Guid(86eb1c2c164a0f4458ea863ad4160f73) Importer(815301076,1909f56bfc062723c751e8b465ee728b)
Start importing Assets/IMPORTANT-ASSETS/SkillIcons/PNG/Icon1.png using Guid(86eb1c2c164a0f4458ea863ad4160f73) Importer(815301076,1909f56bfc062723c751e8b465ee728b)  -> (artifact id: 'c83d51efc14676423e49e1816ec968cb') in 0.055985 seconds 
========================================================================
Received Import Request.
  Time since last request: 0.000025 seconds.
  path: Assets/IMPORTANT-ASSETS/SkillIcons/PNG/Icon28.png
  artifactKey: Guid(4aca145d694093d4494dd24d9e3e740f) Importer(815301076,1909f56bfc062723c751e8b465ee728b)
Start importing Assets/IMPORTANT-ASSETS/SkillIcons/PNG/Icon28.png using Guid(4aca145d694093d4494dd24d9e3e740f) Importer(815301076,1909f56bfc062723c751e8b465ee728b)  -> (artifact id: '172ea4148a6b2ee160a8e8f856b2a08e') in 0.027653 seconds 
========================================================================
Received Import Request.
  Time since last request: 0.000039 seconds.
  path: Assets/IMPORTANT-ASSETS/SkillIcons/PNG/Icon33.png
  artifactKey: Guid(1ef7767be7743814cbfccd62eef70652) Importer(815301076,1909f56bfc062723c751e8b465ee728b)
Start importing Assets/IMPORTANT-ASSETS/SkillIcons/PNG/Icon33.png using Guid(1ef7767be7743814cbfccd62eef70652) Importer(815301076,1909f56bfc062723c751e8b465ee728b)  -> (artifact id: 'd497a5605dbe63d4a62bd41c07f69f81') in 0.023138 seconds 
========================================================================
Received Import Request.
  Time since last request: 0.000046 seconds.
  path: Assets/IMPORTANT-ASSETS/SkillIcons/PNG/Icon21.png
  artifactKey: Guid(7c9ab204df2daae40b3fad153ed3b262) Importer(815301076,1909f56bfc062723c751e8b465ee728b)
Start importing Assets/IMPORTANT-ASSETS/SkillIcons/PNG/Icon21.png using Guid(7c9ab204df2daae40b3fad153ed3b262) Importer(815301076,1909f56bfc062723c751e8b465ee728b)  -> (artifact id: 'afa17da256d802455921207e48bd4eb2') in 0.026866 seconds 
========================================================================
Received Import Request.
  Time since last request: 0.000026 seconds.
  path: Assets/IMPORTANT-ASSETS/SkillIcons/PNG/Icon48.png
  artifactKey: Guid(0544ee73dfdd8ae45a4b91b2dd563414) Importer(815301076,1909f56bfc062723c751e8b465ee728b)
Start importing Assets/IMPORTANT-ASSETS/SkillIcons/PNG/Icon48.png using Guid(0544ee73dfdd8ae45a4b91b2dd563414) Importer(815301076,1909f56bfc062723c751e8b465ee728b)  -> (artifact id: '303579427b7d28d43fa6b76d773305eb') in 0.021285 seconds 
========================================================================
Received Import Request.
  Time since last request: 0.000036 seconds.
  path: Assets/IMPORTANT-ASSETS/SkillIcons/PNG/Icon19.png
  artifactKey: Guid(f7a787557544392499b8e85d404d6d01) Importer(815301076,1909f56bfc062723c751e8b465ee728b)
Start importing Assets/IMPORTANT-ASSETS/SkillIcons/PNG/Icon19.png using Guid(f7a787557544392499b8e85d404d6d01) Importer(815301076,1909f56bfc062723c751e8b465ee728b)  -> (artifact id: 'e8206321656b894ffa726adc84478946') in 0.023874 seconds 
========================================================================
Received Import Request.
  Time since last request: 0.000040 seconds.
  path: Assets/IMPORTANT-ASSETS/SkillIcons/PNG/Icon20.png
  artifactKey: Guid(07a69b4dd9932254d92f42f881b74f23) Importer(815301076,1909f56bfc062723c751e8b465ee728b)
Start importing Assets/IMPORTANT-ASSETS/SkillIcons/PNG/Icon20.png using Guid(07a69b4dd9932254d92f42f881b74f23) Importer(815301076,1909f56bfc062723c751e8b465ee728b)  -> (artifact id: 'a5df041c6ceb9f3cf9dc24f815df36ba') in 0.024139 seconds 
========================================================================
Received Import Request.
  Time since last request: 0.000036 seconds.
  path: Assets/IMPORTANT-ASSETS/SkillIcons/PNG/Icon31.png
  artifactKey: Guid(ab964ab8acd6e6f42a251b9eac767ec1) Importer(815301076,1909f56bfc062723c751e8b465ee728b)
Start importing Assets/IMPORTANT-ASSETS/SkillIcons/PNG/Icon31.png using Guid(ab964ab8acd6e6f42a251b9eac767ec1) Importer(815301076,1909f56bfc062723c751e8b465ee728b)  -> (artifact id: '700314fa918ef1c3c5f323bdacf185d8') in 0.025317 seconds 
========================================================================
Received Import Request.
  Time since last request: 0.000034 seconds.
  path: Assets/IMPORTANT-ASSETS/SkillIcons/PNG/Icon23.png
  artifactKey: Guid(9d9f318029b394f4c9635b3a8fc7e8b1) Importer(815301076,1909f56bfc062723c751e8b465ee728b)
Start importing Assets/IMPORTANT-ASSETS/SkillIcons/PNG/Icon23.png using Guid(9d9f318029b394f4c9635b3a8fc7e8b1) Importer(815301076,1909f56bfc062723c751e8b465ee728b)  -> (artifact id: '5149d6755467a54875765373e455b6ff') in 0.025268 seconds 
========================================================================
Received Import Request.
  Time since last request: 0.000035 seconds.
  path: Assets/IMPORTANT-ASSETS/SkillIcons/PNG/Icon24.png
  artifactKey: Guid(199370a67c51e0e439d2ada35a00ddbc) Importer(815301076,1909f56bfc062723c751e8b465ee728b)
Start importing Assets/IMPORTANT-ASSETS/SkillIcons/PNG/Icon24.png using Guid(199370a67c51e0e439d2ada35a00ddbc) Importer(815301076,1909f56bfc062723c751e8b465ee728b)  -> (artifact id: 'a065494449c838e13637d26d5b647478') in 0.024393 seconds 
========================================================================
Received Import Request.
  Time since last request: 0.000030 seconds.
  path: Assets/IMPORTANT-ASSETS/SkillIcons/PNG/Icon30.png
  artifactKey: Guid(e1bab3e289ab4ce46a3cf71c83643f5b) Importer(815301076,1909f56bfc062723c751e8b465ee728b)
Start importing Assets/IMPORTANT-ASSETS/SkillIcons/PNG/Icon30.png using Guid(e1bab3e289ab4ce46a3cf71c83643f5b) Importer(815301076,1909f56bfc062723c751e8b465ee728b)  -> (artifact id: 'b6332b75cd940e9e98b1cf2f748f0531') in 0.023753 seconds 
========================================================================
Received Import Request.
  Time since last request: 0.000050 seconds.
  path: Assets/IMPORTANT-ASSETS/SkillIcons/PNG/Icon15.png
  artifactKey: Guid(116b2d6bbbc3d0445b751e50e8787786) Importer(815301076,1909f56bfc062723c751e8b465ee728b)
Start importing Assets/IMPORTANT-ASSETS/SkillIcons/PNG/Icon15.png using Guid(116b2d6bbbc3d0445b751e50e8787786) Importer(815301076,1909f56bfc062723c751e8b465ee728b)  -> (artifact id: 'bd2a18c09d7db340fe21ca1e223a0392') in 0.023392 seconds 
========================================================================
Received Import Request.
  Time since last request: 0.000036 seconds.
  path: Assets/IMPORTANT-ASSETS/SkillIcons/PNG/Icon22.png
  artifactKey: Guid(f1ca4e5d2ad4aa344bd0e2d9094b44da) Importer(815301076,1909f56bfc062723c751e8b465ee728b)
Start importing Assets/IMPORTANT-ASSETS/SkillIcons/PNG/Icon22.png using Guid(f1ca4e5d2ad4aa344bd0e2d9094b44da) Importer(815301076,1909f56bfc062723c751e8b465ee728b)  -> (artifact id: '312ac68dde611cc3d6eff07c3ad337c8') in 0.026707 seconds 
========================================================================
Received Import Request.
  Time since last request: 0.000040 seconds.
  path: Assets/IMPORTANT-ASSETS/SkillIcons/PNG/Icon10.png
  artifactKey: Guid(cfcee51d657f92141a0f1e6bdd8a6f8b) Importer(815301076,1909f56bfc062723c751e8b465ee728b)
Start importing Assets/IMPORTANT-ASSETS/SkillIcons/PNG/Icon10.png using Guid(cfcee51d657f92141a0f1e6bdd8a6f8b) Importer(815301076,1909f56bfc062723c751e8b465ee728b)  -> (artifact id: 'd7b5776c0ccbc2f22dab77ab3e1d6384') in 0.024614 seconds 
========================================================================
Received Import Request.
  Time since last request: 0.000039 seconds.
  path: Assets/IMPORTANT-ASSETS/SkillIcons/PNG/Icon45.png
  artifactKey: Guid(5abf3f5b155f6bb458f00bd6c72ccd2a) Importer(815301076,1909f56bfc062723c751e8b465ee728b)
Start importing Assets/IMPORTANT-ASSETS/SkillIcons/PNG/Icon45.png using Guid(5abf3f5b155f6bb458f00bd6c72ccd2a) Importer(815301076,1909f56bfc062723c751e8b465ee728b)  -> (artifact id: 'ad62f3321507c71f42abb8aafffef5c6') in 0.033145 seconds 
========================================================================
Received Import Request.
  Time since last request: 0.000061 seconds.
  path: Assets/IMPORTANT-ASSETS/SkillIcons/PNG/Icon16.png
  artifactKey: Guid(c4b733de993423e4fbafacea615870fc) Importer(815301076,1909f56bfc062723c751e8b465ee728b)
Start importing Assets/IMPORTANT-ASSETS/SkillIcons/PNG/Icon16.png using Guid(c4b733de993423e4fbafacea615870fc) Importer(815301076,1909f56bfc062723c751e8b465ee728b)  -> (artifact id: '49c206ce16e073bed8047c8a39eb3a38') in 0.023648 seconds 
========================================================================
Received Import Request.
  Time since last request: 0.000049 seconds.
  path: Assets/IMPORTANT-ASSETS/SkillIcons/PNG/Icon47.png
  artifactKey: Guid(3d798ffe8c5f862429c7fe021da0fb2b) Importer(815301076,1909f56bfc062723c751e8b465ee728b)
Start importing Assets/IMPORTANT-ASSETS/SkillIcons/PNG/Icon47.png using Guid(3d798ffe8c5f862429c7fe021da0fb2b) Importer(815301076,1909f56bfc062723c751e8b465ee728b)  -> (artifact id: '5b8c92fd9bdb578d270c45e3cd6b7322') in 0.032153 seconds 
========================================================================
Received Import Request.
  Time since last request: 0.000033 seconds.
  path: Assets/IMPORTANT-ASSETS/SkillIcons/PNG/Icon41.png
  artifactKey: Guid(6aef7167152a71741933ff645395b354) Importer(815301076,1909f56bfc062723c751e8b465ee728b)
Start importing Assets/IMPORTANT-ASSETS/SkillIcons/PNG/Icon41.png using Guid(6aef7167152a71741933ff645395b354) Importer(815301076,1909f56bfc062723c751e8b465ee728b)  -> (artifact id: 'e6bcd40398cb53ab8f366a7fba6770b4') in 0.027182 seconds 
========================================================================
Received Import Request.
  Time since last request: 0.000042 seconds.
  path: Assets/IMPORTANT-ASSETS/SkillIcons/PNG/Icon38.png
  artifactKey: Guid(0fb555bd8904eba41ab9f86bf36a3774) Importer(815301076,1909f56bfc062723c751e8b465ee728b)
Start importing Assets/IMPORTANT-ASSETS/SkillIcons/PNG/Icon38.png using Guid(0fb555bd8904eba41ab9f86bf36a3774) Importer(815301076,1909f56bfc062723c751e8b465ee728b)  -> (artifact id: 'd2a78cf40f2b9f12a1e36d971d197b8a') in 0.025855 seconds 
========================================================================
Received Import Request.
  Time since last request: 0.000032 seconds.
  path: Assets/IMPORTANT-ASSETS/SkillIcons/PNG/Icon5.png
  artifactKey: Guid(5476cac5410424c498920f0552053f7e) Importer(815301076,1909f56bfc062723c751e8b465ee728b)
Start importing Assets/IMPORTANT-ASSETS/SkillIcons/PNG/Icon5.png using Guid(5476cac5410424c498920f0552053f7e) Importer(815301076,1909f56bfc062723c751e8b465ee728b)  -> (artifact id: 'ad950a8a940bb50ad19fd5587bb6aa65') in 0.033152 seconds 
========================================================================
Received Import Request.
  Time since last request: 0.000039 seconds.
  path: Assets/IMPORTANT-ASSETS/SkillIcons/PNG/Icon32.png
  artifactKey: Guid(b3e22307d5f311e4db3d5ec3ec83850e) Importer(815301076,1909f56bfc062723c751e8b465ee728b)
Start importing Assets/IMPORTANT-ASSETS/SkillIcons/PNG/Icon32.png using Guid(b3e22307d5f311e4db3d5ec3ec83850e) Importer(815301076,1909f56bfc062723c751e8b465ee728b)  -> (artifact id: '7b7c2e203261f87587b98bab9204d698') in 0.026370 seconds 
========================================================================
Received Import Request.
  Time since last request: 0.000048 seconds.
  path: Assets/IMPORTANT-ASSETS/SkillIcons/PNG/Icon25.png
  artifactKey: Guid(1783232c8d827e94393bb94ed34ada36) Importer(815301076,1909f56bfc062723c751e8b465ee728b)
Start importing Assets/IMPORTANT-ASSETS/SkillIcons/PNG/Icon25.png using Guid(1783232c8d827e94393bb94ed34ada36) Importer(815301076,1909f56bfc062723c751e8b465ee728b)  -> (artifact id: '5aca184ae7e74c7a6e8cb1dd84f4aedc') in 0.023709 seconds 
========================================================================
Received Import Request.
  Time since last request: 0.000052 seconds.
  path: Assets/IMPORTANT-ASSETS/SkillIcons/PNG/Icon4.png
  artifactKey: Guid(aa26c74ac5e53da47b56d50ab04efa30) Importer(815301076,1909f56bfc062723c751e8b465ee728b)
Start importing Assets/IMPORTANT-ASSETS/SkillIcons/PNG/Icon4.png using Guid(aa26c74ac5e53da47b56d50ab04efa30) Importer(815301076,1909f56bfc062723c751e8b465ee728b)  -> (artifact id: '7d8b517d6d0cab499f004a22b85915fa') in 0.024906 seconds 
========================================================================
Received Import Request.
  Time since last request: 0.000051 seconds.
  path: Assets/IMPORTANT-ASSETS/SkillIcons/PNG/Icon14.png
  artifactKey: Guid(3f7911e730f1e6141af7078d068bc781) Importer(815301076,1909f56bfc062723c751e8b465ee728b)
Start importing Assets/IMPORTANT-ASSETS/SkillIcons/PNG/Icon14.png using Guid(3f7911e730f1e6141af7078d068bc781) Importer(815301076,1909f56bfc062723c751e8b465ee728b)  -> (artifact id: '4f86eaddf8ef079c1dbea5b83fb07ca0') in 0.030243 seconds 
========================================================================
Received Import Request.
  Time since last request: 0.000038 seconds.
  path: Assets/IMPORTANT-ASSETS/SkillIcons/PNG/Icon29.png
  artifactKey: Guid(38339e712d0959746ab7ba499d5a42a3) Importer(815301076,1909f56bfc062723c751e8b465ee728b)
Start importing Assets/IMPORTANT-ASSETS/SkillIcons/PNG/Icon29.png using Guid(38339e712d0959746ab7ba499d5a42a3) Importer(815301076,1909f56bfc062723c751e8b465ee728b)  -> (artifact id: '9724be9c72d89e16a7b675787b9376aa') in 0.027984 seconds 
Editor requested this worker to shutdown with reason: Scaling down because of idle timeout
AssetImportWorker is now disconnected from the server
Process exiting
Exiting without the bug reporter. Application will terminate with return code 0