Using pre-set license
Built from '2021.3/staging' branch; Version is '2021.3.11f1 (0a5ca18544bf) revision 679073'; Using compiler version '192829333'; Build Type 'Release'
OS: 'Windows 11  (10.0.22631) 64bit CoreSingleLanguage' Language: 'en' Physical Memory: 16236 MB
BatchMode: 1, IsHumanControllingUs: 0, StartBugReporterOnCrash: 0, Is64bit: 1, IsPro: 1

COMMAND LINE ARGUMENTS:
C:\Program Files\Unity\Hub\Editor\2021.3.11f1\Editor\Unity.exe
-adb2
-batchMode
-noUpm
-name
AssetImportWorker5
-projectPath
C:/Users/tempo/OneDrive/Desktop/Game Projects/GraduationProjectBegin
-logFile
Logs/AssetImportWorker5.log
-srvPort
54173
Successfully changed project path to: C:/Users/tempo/OneDrive/Desktop/Game Projects/GraduationProjectBegin
C:/Users/tempo/OneDrive/Desktop/Game Projects/GraduationProjectBegin
[UnityMemory] Configuration Parameters - Can be set up in boot.config
    "memorysetup-bucket-allocator-granularity=16"
    "memorysetup-bucket-allocator-bucket-count=8"
    "memorysetup-bucket-allocator-block-size=33554432"
    "memorysetup-bucket-allocator-block-count=8"
    "memorysetup-main-allocator-block-size=16777216"
    "memorysetup-thread-allocator-block-size=16777216"
    "memorysetup-gfx-main-allocator-block-size=16777216"
    "memorysetup-gfx-thread-allocator-block-size=16777216"
    "memorysetup-cache-allocator-block-size=4194304"
    "memorysetup-typetree-allocator-block-size=2097152"
    "memorysetup-profiler-bucket-allocator-granularity=16"
    "memorysetup-profiler-bucket-allocator-bucket-count=8"
    "memorysetup-profiler-bucket-allocator-block-size=33554432"
    "memorysetup-profiler-bucket-allocator-block-count=8"
    "memorysetup-profiler-allocator-block-size=16777216"
    "memorysetup-profiler-editor-allocator-block-size=1048576"
    "memorysetup-temp-allocator-size-main=16777216"
    "memorysetup-job-temp-allocator-block-size=2097152"
    "memorysetup-job-temp-allocator-block-size-background=1048576"
    "memorysetup-job-temp-allocator-reduction-small-platforms=262144"
    "memorysetup-temp-allocator-size-background-worker=32768"
    "memorysetup-temp-allocator-size-job-worker=262144"
    "memorysetup-temp-allocator-size-preload-manager=33554432"
    "memorysetup-temp-allocator-size-nav-mesh-worker=65536"
    "memorysetup-temp-allocator-size-audio-worker=65536"
    "memorysetup-temp-allocator-size-cloud-worker=32768"
    "memorysetup-temp-allocator-size-gi-baking-worker=262144"
    "memorysetup-temp-allocator-size-gfx=262144"
Refreshing native plugins compatible for Editor in 233.57 ms, found 3 plugins.
Preloading 0 native plugins for Editor in 0.00 ms.
Initialize engine version: 2021.3.11f1 (0a5ca18544bf)
[Subsystems] Discovering subsystems at path C:/Program Files/Unity/Hub/Editor/2021.3.11f1/Editor/Data/Resources/UnitySubsystems
[Subsystems] Discovering subsystems at path C:/Users/tempo/OneDrive/Desktop/Game Projects/GraduationProjectBegin/Assets
GfxDevice: creating device client; threaded=0; jobified=0
Direct3D:
    Version:  Direct3D 11.0 [level 11.1]
    Renderer: NVIDIA GeForce RTX 3060 Laptop GPU (ID=0x2560)
    Vendor:   NVIDIA
    VRAM:     6009 MB
    Driver:   31.0.15.3734
Initialize mono
Mono path[0] = 'C:/Program Files/Unity/Hub/Editor/2021.3.11f1/Editor/Data/Managed'
Mono path[1] = 'C:/Program Files/Unity/Hub/Editor/2021.3.11f1/Editor/Data/MonoBleedingEdge/lib/mono/unityjit-win32'
Mono config path = 'C:/Program Files/Unity/Hub/Editor/2021.3.11f1/Editor/Data/MonoBleedingEdge/etc'
Using monoOptions --debugger-agent=transport=dt_socket,embedding=1,server=y,suspend=n,address=127.0.0.1:56352
Begin MonoManager ReloadAssembly
Registering precompiled unity dll's ...
Register platform support module: C:/Program Files/Unity/Hub/Editor/2021.3.11f1/Editor/Data/PlaybackEngines/WebGLSupport/UnityEditor.WebGL.Extensions.dll
Register platform support module: C:/Program Files/Unity/Hub/Editor/2021.3.11f1/Editor/Data/PlaybackEngines/WindowsStandaloneSupport/UnityEditor.WindowsStandalone.Extensions.dll
Registered in 0.007315 seconds.
Native extension for WindowsStandalone target not found
Native extension for WebGL target not found
Refreshing native plugins compatible for Editor in 195.34 ms, found 3 plugins.
Preloading 0 native plugins for Editor in 0.00 ms.
Mono: successfully reloaded assembly
- Completed reload, in  0.766 seconds
Domain Reload Profiling:
	ReloadAssembly (767ms)
		BeginReloadAssembly (76ms)
			ExecutionOrderSort (0ms)
			DisableScriptedObjects (0ms)
			BackupInstance (0ms)
			ReleaseScriptingObjects (0ms)
			CreateAndSetChildDomain (1ms)
		EndReloadAssembly (573ms)
			LoadAssemblies (74ms)
			RebuildTransferFunctionScriptingTraits (0ms)
			SetupTypeCache (102ms)
			ReleaseScriptCaches (0ms)
			RebuildScriptCaches (29ms)
			SetupLoadedEditorAssemblies (388ms)
				LogAssemblyErrors (0ms)
				InitializePlatformSupportModulesInManaged (10ms)
				SetLoadedEditorAssemblies (0ms)
				RefreshPlugins (195ms)
				BeforeProcessingInitializeOnLoad (1ms)
				ProcessInitializeOnLoadAttributes (129ms)
				ProcessInitializeOnLoadMethodAttributes (52ms)
				AfterProcessingInitializeOnLoad (0ms)
				EditorAssembliesLoaded (0ms)
			ExecutionOrderSort2 (0ms)
			AwakeInstancesAfterBackupRestoration (0ms)
Platform modules already initialized, skipping
Registering precompiled user dll's ...
Registered in 0.010050 seconds.
Begin MonoManager ReloadAssembly
Symbol file LoadedFromMemory doesn't match image C:\Users\tempo\OneDrive\Desktop\Game Projects\GraduationProjectBegin\Library\PackageCache\com.unity.visualscripting@1.8.0\Editor\VisualScripting.Core\Dependencies\YamlDotNet\Unity.VisualScripting.YamlDotNet.dll
Symbol file LoadedFromMemory doesn't match image C:\Users\tempo\OneDrive\Desktop\Game Projects\GraduationProjectBegin\Library\PackageCache\com.unity.visualscripting@1.8.0\Editor\VisualScripting.Core\Dependencies\DotNetZip\Unity.VisualScripting.IonicZip.dll
Native extension for WindowsStandalone target not found
Native extension for WebGL target not found
Refreshing native plugins compatible for Editor in 207.14 ms, found 3 plugins.
Preloading 0 native plugins for Editor in 0.00 ms.
Mono: successfully reloaded assembly
- Completed reload, in  1.920 seconds
Domain Reload Profiling:
	ReloadAssembly (1921ms)
		BeginReloadAssembly (173ms)
			ExecutionOrderSort (0ms)
			DisableScriptedObjects (5ms)
			BackupInstance (0ms)
			ReleaseScriptingObjects (0ms)
			CreateAndSetChildDomain (26ms)
		EndReloadAssembly (1635ms)
			LoadAssemblies (151ms)
			RebuildTransferFunctionScriptingTraits (0ms)
			SetupTypeCache (271ms)
			ReleaseScriptCaches (1ms)
			RebuildScriptCaches (85ms)
			SetupLoadedEditorAssemblies (1115ms)
				LogAssemblyErrors (0ms)
				InitializePlatformSupportModulesInManaged (8ms)
				SetLoadedEditorAssemblies (0ms)
				RefreshPlugins (207ms)
				BeforeProcessingInitializeOnLoad (137ms)
				ProcessInitializeOnLoadAttributes (671ms)
				ProcessInitializeOnLoadMethodAttributes (81ms)
				AfterProcessingInitializeOnLoad (10ms)
				EditorAssembliesLoaded (0ms)
			ExecutionOrderSort2 (0ms)
			AwakeInstancesAfterBackupRestoration (10ms)
Platform modules already initialized, skipping
========================================================================
Worker process is ready to serve import requests
Launched and connected shader compiler UnityShaderCompiler.exe after 0.05 seconds
Refreshing native plugins compatible for Editor in 2.32 ms, found 3 plugins.
Preloading 0 native plugins for Editor in 0.00 ms.
Unloading 5657 Unused Serialized files (Serialized files now loaded: 0)
Unloading 68 unused Assets / (1.8 MB). Loaded Objects now: 6105.
Memory consumption went from 240.1 MB to 238.3 MB.
Total: 4.924800 ms (FindLiveObjects: 0.543100 ms CreateObjectMapping: 0.246600 ms MarkObjects: 3.688200 ms  DeleteObjects: 0.445200 ms)

AssetImportParameters requested are different than current active one (requested -> active):
  custom:video-decoder-ogg-theora: a1e56fd34408186e4bbccfd4996cb3dc -> 
  custom:container-muxer-webm: aa71ff27fc2769a1b78a27578f13a17b -> 
  custom:container-demuxer-webm: 4f35f7cbe854078d1ac9338744f61a02 -> 
  custom:video-encoder-webm-vp8: eb34c28f22e8b96e1ab97ce403110664 -> 
  custom:audio-encoder-webm-vorbis: bf7c407c2cedff20999df2af8eb42d56 -> 
  custom:framework-win-MediaFoundation: 216162199b28c13a410421893ffa2e32 -> 
  custom:container-demuxer-ogg: 62fdf1f143b41e24485cea50d1cbac27 -> 
  custom:video-decoder-webm-vp8: 9c59270c3fd7afecdb556c50c9e8de78 -> 
  custom:audio-decoder-ogg-vorbis: bf7c407c2cedff20999df2af8eb42d56 -> 
========================================================================
Received Prepare
Registering precompiled user dll's ...
Registered in 0.008898 seconds.
Begin MonoManager ReloadAssembly
Symbol file LoadedFromMemory doesn't match image C:\Users\tempo\OneDrive\Desktop\Game Projects\GraduationProjectBegin\Library\PackageCache\com.unity.visualscripting@1.8.0\Editor\VisualScripting.Core\Dependencies\YamlDotNet\Unity.VisualScripting.YamlDotNet.dll
Symbol file LoadedFromMemory doesn't match image C:\Users\tempo\OneDrive\Desktop\Game Projects\GraduationProjectBegin\Library\PackageCache\com.unity.visualscripting@1.8.0\Editor\VisualScripting.Core\Dependencies\DotNetZip\Unity.VisualScripting.IonicZip.dll
Native extension for WindowsStandalone target not found
Native extension for WebGL target not found
Refreshing native plugins compatible for Editor in 2.22 ms, found 3 plugins.
Preloading 0 native plugins for Editor in 0.00 ms.
Mono: successfully reloaded assembly
- Completed reload, in  1.343 seconds
Domain Reload Profiling:
	ReloadAssembly (1343ms)
		BeginReloadAssembly (134ms)
			ExecutionOrderSort (0ms)
			DisableScriptedObjects (5ms)
			BackupInstance (0ms)
			ReleaseScriptingObjects (0ms)
			CreateAndSetChildDomain (40ms)
		EndReloadAssembly (1116ms)
			LoadAssemblies (100ms)
			RebuildTransferFunctionScriptingTraits (0ms)
			SetupTypeCache (268ms)
			ReleaseScriptCaches (2ms)
			RebuildScriptCaches (58ms)
			SetupLoadedEditorAssemblies (629ms)
				LogAssemblyErrors (0ms)
				InitializePlatformSupportModulesInManaged (14ms)
				SetLoadedEditorAssemblies (0ms)
				RefreshPlugins (2ms)
				BeforeProcessingInitializeOnLoad (98ms)
				ProcessInitializeOnLoadAttributes (441ms)
				ProcessInitializeOnLoadMethodAttributes (65ms)
				AfterProcessingInitializeOnLoad (8ms)
				EditorAssembliesLoaded (0ms)
			ExecutionOrderSort2 (0ms)
			AwakeInstancesAfterBackupRestoration (12ms)
Platform modules already initialized, skipping
Refreshing native plugins compatible for Editor in 4.52 ms, found 3 plugins.
Preloading 0 native plugins for Editor in 0.00 ms.
Unloading 5482 Unused Serialized files (Serialized files now loaded: 0)
Unloading 43 unused Assets / (1.8 MB). Loaded Objects now: 6120.
Memory consumption went from 231.1 MB to 229.3 MB.
Total: 5.980600 ms (FindLiveObjects: 0.682100 ms CreateObjectMapping: 0.325600 ms MarkObjects: 4.313900 ms  DeleteObjects: 0.657700 ms)

AssetImportParameters requested are different than current active one (requested -> active):
  custom:video-decoder-ogg-theora: a1e56fd34408186e4bbccfd4996cb3dc -> 
  custom:container-muxer-webm: aa71ff27fc2769a1b78a27578f13a17b -> 
  custom:container-demuxer-webm: 4f35f7cbe854078d1ac9338744f61a02 -> 
  custom:video-encoder-webm-vp8: eb34c28f22e8b96e1ab97ce403110664 -> 
  custom:audio-encoder-webm-vorbis: bf7c407c2cedff20999df2af8eb42d56 -> 
  custom:framework-win-MediaFoundation: 216162199b28c13a410421893ffa2e32 -> 
  custom:container-demuxer-ogg: 62fdf1f143b41e24485cea50d1cbac27 -> 
  custom:video-decoder-webm-vp8: 9c59270c3fd7afecdb556c50c9e8de78 -> 
  custom:audio-decoder-ogg-vorbis: bf7c407c2cedff20999df2af8eb42d56 -> 
========================================================================
Received Import Request.
  Time since last request: 408823.903568 seconds.
  path: Assets/StoreAssets/Hovl Studio/AAA Projectiles Vol 1/Materials/Mask23cg.mat
  artifactKey: Guid(6df1fc7e055a3a449a00125fb6ff7325) Importer(815301076,1909f56bfc062723c751e8b465ee728b)
Start importing Assets/StoreAssets/Hovl Studio/AAA Projectiles Vol 1/Materials/Mask23cg.mat using Guid(6df1fc7e055a3a449a00125fb6ff7325) Importer(815301076,1909f56bfc062723c751e8b465ee728b)  -> (artifact id: '0e7eea061e843edf3a204e54050e88be') in 0.287312 seconds 
========================================================================
Received Import Request.
  Time since last request: 0.000046 seconds.
  path: Assets/StoreAssets/Hovl Studio/AAA Projectiles Vol 1/Materials/Trail22cg.mat
  artifactKey: Guid(7154a27ca4f209047bbd02657bbbc16c) Importer(815301076,1909f56bfc062723c751e8b465ee728b)
Start importing Assets/StoreAssets/Hovl Studio/AAA Projectiles Vol 1/Materials/Trail22cg.mat using Guid(7154a27ca4f209047bbd02657bbbc16c) Importer(815301076,1909f56bfc062723c751e8b465ee728b)  -> (artifact id: '27035b863282a855d1de74c80f09afcb') in 0.035647 seconds 
========================================================================
Received Import Request.
  Time since last request: 0.000057 seconds.
  path: Assets/StoreAssets/Hovl Studio/AAA Projectiles Vol 1/Materials/Wall.mat
  artifactKey: Guid(033ab394ebe8fde448d3e42e2166673a) Importer(815301076,1909f56bfc062723c751e8b465ee728b)
Start importing Assets/StoreAssets/Hovl Studio/AAA Projectiles Vol 1/Materials/Wall.mat using Guid(033ab394ebe8fde448d3e42e2166673a) Importer(815301076,1909f56bfc062723c751e8b465ee728b)  -> (artifact id: '991401f34a2307bd7b4c284a5317b093') in 0.136046 seconds 
========================================================================
Received Import Request.
  Time since last request: 0.000040 seconds.
  path: Assets/StoreAssets/Hovl Studio/AAA Projectiles Vol 1/Materials/Star2bcg.mat
  artifactKey: Guid(09b4ce3140709214d891c32fdea6004c) Importer(815301076,1909f56bfc062723c751e8b465ee728b)
Start importing Assets/StoreAssets/Hovl Studio/AAA Projectiles Vol 1/Materials/Star2bcg.mat using Guid(09b4ce3140709214d891c32fdea6004c) Importer(815301076,1909f56bfc062723c751e8b465ee728b)  -> (artifact id: '8c996acdad36580042742ed8e9fccfdc') in 0.024466 seconds 
========================================================================
Received Import Request.
  Time since last request: 0.000023 seconds.
  path: Assets/StoreAssets/Hovl Studio/AAA Projectiles Vol 1/Materials/Trail37bcg.mat
  artifactKey: Guid(22747fc32db5efa40ae404c98e4ebe78) Importer(815301076,1909f56bfc062723c751e8b465ee728b)
Start importing Assets/StoreAssets/Hovl Studio/AAA Projectiles Vol 1/Materials/Trail37bcg.mat using Guid(22747fc32db5efa40ae404c98e4ebe78) Importer(815301076,1909f56bfc062723c751e8b465ee728b)  -> (artifact id: '79daff9fe1ff56313c933b9fbcc17c31') in 0.024740 seconds 
========================================================================
Received Import Request.
  Time since last request: 0.000032 seconds.
  path: Assets/StoreAssets/Hovl Studio/AAA Projectiles Vol 1/Materials/Waves22cg.mat
  artifactKey: Guid(99d404cd1f3c08949850068fe920e052) Importer(815301076,1909f56bfc062723c751e8b465ee728b)
Start importing Assets/StoreAssets/Hovl Studio/AAA Projectiles Vol 1/Materials/Waves22cg.mat using Guid(99d404cd1f3c08949850068fe920e052) Importer(815301076,1909f56bfc062723c751e8b465ee728b)  -> (artifact id: '0bd0308b818a02df04e396a3b8063ae9') in 0.023893 seconds 
========================================================================
Received Import Request.
  Time since last request: 0.000082 seconds.
  path: Assets/StoreAssets/Hovl Studio/AAA Projectiles Vol 1/Materials/MuzzleFlash2bcg.mat
  artifactKey: Guid(dec45a67c4f21f642b99f0aa0f9ad488) Importer(815301076,1909f56bfc062723c751e8b465ee728b)
Start importing Assets/StoreAssets/Hovl Studio/AAA Projectiles Vol 1/Materials/MuzzleFlash2bcg.mat using Guid(dec45a67c4f21f642b99f0aa0f9ad488) Importer(815301076,1909f56bfc062723c751e8b465ee728b)  -> (artifact id: '4027917952b96ad7875998e07e201304') in 0.024186 seconds 
========================================================================
Received Import Request.
  Time since last request: 0.000029 seconds.
  path: Assets/StoreAssets/Hovl Studio/AAA Projectiles Vol 1/Materials/TrailPart4cg.mat
  artifactKey: Guid(72740154f0e4b624e8801ab500a91a5b) Importer(815301076,1909f56bfc062723c751e8b465ee728b)
Start importing Assets/StoreAssets/Hovl Studio/AAA Projectiles Vol 1/Materials/TrailPart4cg.mat using Guid(72740154f0e4b624e8801ab500a91a5b) Importer(815301076,1909f56bfc062723c751e8b465ee728b)  -> (artifact id: '902dc18c4b8e8b6fbdcf4ecd36157b0a') in 0.019355 seconds 
========================================================================
Received Import Request.
  Time since last request: 0.000024 seconds.
  path: Assets/StoreAssets/Hovl Studio/AAA Projectiles Vol 1/Materials/Trail42bcg.mat
  artifactKey: Guid(2e2ec68e64e5126489ef901ef2719fe8) Importer(815301076,1909f56bfc062723c751e8b465ee728b)
Start importing Assets/StoreAssets/Hovl Studio/AAA Projectiles Vol 1/Materials/Trail42bcg.mat using Guid(2e2ec68e64e5126489ef901ef2719fe8) Importer(815301076,1909f56bfc062723c751e8b465ee728b)  -> (artifact id: '4a25ea41404213b6e7eec811d9d8f8f0') in 0.020145 seconds 
========================================================================
Received Import Request.
  Time since last request: 0.000041 seconds.
  path: Assets/StoreAssets/Hovl Studio/AAA Projectiles Vol 1/Materials/Quad3bcg.mat
  artifactKey: Guid(422becf709662484d98786f17babab22) Importer(815301076,1909f56bfc062723c751e8b465ee728b)
Start importing Assets/StoreAssets/Hovl Studio/AAA Projectiles Vol 1/Materials/Quad3bcg.mat using Guid(422becf709662484d98786f17babab22) Importer(815301076,1909f56bfc062723c751e8b465ee728b)  -> (artifact id: '9dc2ad6277972f5234670ed1f26159a9') in 0.021926 seconds 
========================================================================
Received Import Request.
  Time since last request: 0.000041 seconds.
  path: Assets/StoreAssets/Hovl Studio/AAA Projectiles Vol 1/Materials/Snow4bcg.mat
  artifactKey: Guid(35f5e6dc715494f44b17248eee5426bd) Importer(815301076,1909f56bfc062723c751e8b465ee728b)
Start importing Assets/StoreAssets/Hovl Studio/AAA Projectiles Vol 1/Materials/Snow4bcg.mat using Guid(35f5e6dc715494f44b17248eee5426bd) Importer(815301076,1909f56bfc062723c751e8b465ee728b)  -> (artifact id: '3b19b4ef894db8f76067b10a3381e61a') in 0.021262 seconds 
========================================================================
Received Import Request.
  Time since last request: 0.000026 seconds.
  path: Assets/StoreAssets/Hovl Studio/AAA Projectiles Vol 1/Materials/Trail39bcg.mat
  artifactKey: Guid(5af75f7d9a57db547990e8cbd7dfc462) Importer(815301076,1909f56bfc062723c751e8b465ee728b)
Start importing Assets/StoreAssets/Hovl Studio/AAA Projectiles Vol 1/Materials/Trail39bcg.mat using Guid(5af75f7d9a57db547990e8cbd7dfc462) Importer(815301076,1909f56bfc062723c751e8b465ee728b)  -> (artifact id: '6a62854cd089d633536adb2ef29e7fc0') in 0.018265 seconds 
========================================================================
Received Import Request.
  Time since last request: 0.000044 seconds.
  path: Assets/StoreAssets/Hovl Studio/AAA Projectiles Vol 1/Materials/Point12cg.mat
  artifactKey: Guid(9aaa13d175bcf1c4b8acc4d930ee06ee) Importer(815301076,1909f56bfc062723c751e8b465ee728b)
Start importing Assets/StoreAssets/Hovl Studio/AAA Projectiles Vol 1/Materials/Point12cg.mat using Guid(9aaa13d175bcf1c4b8acc4d930ee06ee) Importer(815301076,1909f56bfc062723c751e8b465ee728b)  -> (artifact id: '8091733735f6df4accddf7b5efa52168') in 0.020257 seconds 
========================================================================
Received Import Request.
  Time since last request: 0.000045 seconds.
  path: Assets/StoreAssets/Hovl Studio/AAA Projectiles Vol 1/Materials/Semicircle7bcg.mat
  artifactKey: Guid(097681739006eda4daeda8c905e63cff) Importer(815301076,1909f56bfc062723c751e8b465ee728b)
Start importing Assets/StoreAssets/Hovl Studio/AAA Projectiles Vol 1/Materials/Semicircle7bcg.mat using Guid(097681739006eda4daeda8c905e63cff) Importer(815301076,1909f56bfc062723c751e8b465ee728b)  -> (artifact id: 'c95e915efdd37fc70b3b62d10006b8b3') in 0.020221 seconds 
========================================================================
Received Import Request.
  Time since last request: 0.000043 seconds.
  path: Assets/StoreAssets/Hovl Studio/AAA Projectiles Vol 1/Materials/SmokeBCG.mat
  artifactKey: Guid(ad117d9f7f62bb94690a823d11b394ad) Importer(815301076,1909f56bfc062723c751e8b465ee728b)
Start importing Assets/StoreAssets/Hovl Studio/AAA Projectiles Vol 1/Materials/SmokeBCG.mat using Guid(ad117d9f7f62bb94690a823d11b394ad) Importer(815301076,1909f56bfc062723c751e8b465ee728b)  -> (artifact id: '29c82500fda77be73361abe533e11515') in 0.021139 seconds 
========================================================================
Received Import Request.
  Time since last request: 0.000035 seconds.
  path: Assets/StoreAssets/Hovl Studio/AAA Projectiles Vol 1/Materials/Trails65cg3.mat
  artifactKey: Guid(382c669ecd42e5447b7db067ebfe0b47) Importer(815301076,1909f56bfc062723c751e8b465ee728b)
Start importing Assets/StoreAssets/Hovl Studio/AAA Projectiles Vol 1/Materials/Trails65cg3.mat using Guid(382c669ecd42e5447b7db067ebfe0b47) Importer(815301076,1909f56bfc062723c751e8b465ee728b)  -> (artifact id: '135d06f59559bf481f62f1d056d60ae8') in 0.021932 seconds 
========================================================================
Received Import Request.
  Time since last request: 0.000029 seconds.
  path: Assets/StoreAssets/Hovl Studio/AAA Projectiles Vol 1/Materials/Point5cg.mat
  artifactKey: Guid(85455188b71fea741bd0b80cbe893384) Importer(815301076,1909f56bfc062723c751e8b465ee728b)
Start importing Assets/StoreAssets/Hovl Studio/AAA Projectiles Vol 1/Materials/Point5cg.mat using Guid(85455188b71fea741bd0b80cbe893384) Importer(815301076,1909f56bfc062723c751e8b465ee728b)  -> (artifact id: '1a42819953301f8ae8d9e9a72fdd2f6c') in 0.022744 seconds 
========================================================================
Received Import Request.
  Time since last request: 0.000036 seconds.
  path: Assets/StoreAssets/Hovl Studio/AAA Projectiles Vol 1/Materials/MuzzleFlash2cg.mat
  artifactKey: Guid(503813d282098fb46936710f053bb835) Importer(815301076,1909f56bfc062723c751e8b465ee728b)
Start importing Assets/StoreAssets/Hovl Studio/AAA Projectiles Vol 1/Materials/MuzzleFlash2cg.mat using Guid(503813d282098fb46936710f053bb835) Importer(815301076,1909f56bfc062723c751e8b465ee728b)  -> (artifact id: 'fa3b957b3f8fd16a00362872e4066ae4') in 0.023909 seconds 
========================================================================
Received Import Request.
  Time since last request: 0.000053 seconds.
  path: Assets/StoreAssets/Hovl Studio/AAA Projectiles Vol 1/Materials/TrailShader2.mat
  artifactKey: Guid(be550ac7871705e49a994e8101b4c33f) Importer(815301076,1909f56bfc062723c751e8b465ee728b)
Start importing Assets/StoreAssets/Hovl Studio/AAA Projectiles Vol 1/Materials/TrailShader2.mat using Guid(be550ac7871705e49a994e8101b4c33f) Importer(815301076,1909f56bfc062723c751e8b465ee728b)  -> (artifact id: '8de0edfd777d3a74b96c95ddedb8bbe0') in 0.023998 seconds 
Editor requested this worker to shutdown with reason: Scaling down because of idle timeout
AssetImportWorker is now disconnected from the server
Process exiting
Exiting without the bug reporter. Application will terminate with return code 0